<?xml version="1.0" encoding="UTF-8"?>
<testsuite xmlns:xsi="http://www.w3.org/2001/XMLSchema-instance" xsi:noNamespaceSchemaLocation="https://maven.apache.org/surefire/maven-surefire-plugin/xsd/surefire-test-report.xsd" name="com.example.demo.DemoApplicationTests" time="8.998" tests="2" errors="0" skipped="0" failures="0">
  <properties>
[...]
</properties>
  <testcase name="handlerEndpointShouldProcessRequest{long, long}[1]" classname="com.example.demo.DemoApplicationTests" time="2.78"/>
  <testcase name="handlerEndpointShouldProcessRequest{long, long}[2]" classname="com.example.demo.DemoApplicationTests" time="3.036"/>
</testsuite>